0 info it worked if it ends with ok
1 verbose cli [ 'node', '/usr/local/bin/npm', 'install', '-g', 'ios-sim' ]
2 info using npm@2.7.4
3 info using node@v0.12.2
4 silly cache add args [ 'ios-sim', null ]
5 verbose cache add spec ios-sim
6 silly cache add parsed spec { raw: 'ios-sim',
6 silly cache add   scope: null,
6 silly cache add   name: 'ios-sim',
6 silly cache add   rawSpec: '',
6 silly cache add   spec: '*',
6 silly cache add   type: 'range' }
7 verbose addNamed ios-sim@*
8 silly addNamed semver.valid null
9 silly addNamed semver.validRange *
10 silly addNameRange { name: 'ios-sim', range: '*', hasData: false }
11 silly mapToRegistry name ios-sim
12 silly mapToRegistry using default registry
13 silly mapToRegistry registry https://registry.npmjs.org/
14 silly mapToRegistry uri https://registry.npmjs.org/ios-sim
15 verbose addNameRange registry:https://registry.npmjs.org/ios-sim not in flight; fetching
16 verbose request uri https://registry.npmjs.org/ios-sim
17 verbose request no auth needed
18 info attempt registry request try #1 at 2:36:13 AM
19 verbose request id 23c87cd0828ed0c1
20 verbose etag "1H76UOC6W9Z8XWWIXSB6N1P9A"
21 http request GET https://registry.npmjs.org/ios-sim
22 http 304 https://registry.npmjs.org/ios-sim
23 silly get cb [ 304,
23 silly get   { date: 'Tue, 02 Jun 2015 07:36:14 GMT',
23 silly get     via: '1.1 varnish',
23 silly get     'cache-control': 'max-age=60',
23 silly get     etag: '"1H76UOC6W9Z8XWWIXSB6N1P9A"',
23 silly get     age: '0',
23 silly get     connection: 'keep-alive',
23 silly get     'x-served-by': 'cache-atl6231-ATL',
23 silly get     'x-cache': 'MISS',
23 silly get     'x-cache-hits': '0',
23 silly get     'x-timer': 'S1433230574.343643,VS0,VE147',
23 silly get     vary: 'Accept' } ]
24 verbose etag https://registry.npmjs.org/ios-sim from cache
25 verbose get saving ios-sim to /Users/johnmachahuay/.npm/registry.npmjs.org/ios-sim/.cache.json
26 silly addNameRange number 2 { name: 'ios-sim', range: '*', hasData: true }
27 silly addNameRange versions [ 'ios-sim',
27 silly addNameRange   [ '1.8.0',
27 silly addNameRange     '1.8.1',
27 silly addNameRange     '1.8.2',
27 silly addNameRange     '1.9.0',
27 silly addNameRange     '2.0.0',
27 silly addNameRange     '2.0.1',
27 silly addNameRange     '3.0.0',
27 silly addNameRange     '3.1.0',
27 silly addNameRange     '3.1.1',
27 silly addNameRange     '4.1.0' ] ]
28 verbose addNamed ios-sim@3.1.1
29 silly addNamed semver.valid 3.1.1
30 silly addNamed semver.validRange 3.1.1
31 silly cache afterAdd ios-sim@3.1.1
32 verbose afterAdd /Users/johnmachahuay/.npm/ios-sim/3.1.1/package/package.json not in flight; writing
33 verbose afterAdd /Users/johnmachahuay/.npm/ios-sim/3.1.1/package/package.json written
34 silly install resolved [ { name: 'ios-sim',
34 silly install resolved     version: '3.1.1',
34 silly install resolved     description: 'launch iOS apps into the iOS Simulator from the command line (Xcode 6.0)',
34 silly install resolved     main: 'ios-sim',
34 silly install resolved     scripts: { preinstall: 'rake build' },
34 silly install resolved     bin: { 'ios-sim': 'build/Release/ios-sim' },
34 silly install resolved     repository: { type: 'git', url: 'https://github.com/phonegap/ios-sim' },
34 silly install resolved     keywords: [ 'ios-sim', 'iOS Simulator' ],
34 silly install resolved     author: { name: 'Landon Fuller, Jeff Haynie, Eloy Duran, Shazron Abdullah' },
34 silly install resolved     license: 'MIT',
34 silly install resolved     gitHead: 'c6ec64397e5fa462f1ea2d4e4fdc123a856618f9',
34 silly install resolved     bugs: { url: 'https://github.com/phonegap/ios-sim/issues' },
34 silly install resolved     homepage: 'https://github.com/phonegap/ios-sim',
34 silly install resolved     _id: 'ios-sim@3.1.1',
34 silly install resolved     _shasum: '1129c3fda31b917ef656b8c53fd276392b51c6e8',
34 silly install resolved     _from: 'ios-sim@*',
34 silly install resolved     _npmVersion: '1.4.14',
34 silly install resolved     _npmUser: { name: 'shazron', email: 'shazron@gmail.com' },
34 silly install resolved     maintainers: [ [Object] ],
34 silly install resolved     dist:
34 silly install resolved      { shasum: '1129c3fda31b917ef656b8c53fd276392b51c6e8',
34 silly install resolved        tarball: 'http://registry.npmjs.org/ios-sim/-/ios-sim-3.1.1.tgz' },
34 silly install resolved     directories: {},
34 silly install resolved     _resolved: 'https://registry.npmjs.org/ios-sim/-/ios-sim-3.1.1.tgz',
34 silly install resolved     readme: 'ERROR: No README data found!' } ]
35 info install ios-sim@3.1.1 into /usr/local/lib
36 info installOne ios-sim@3.1.1
37 verbose installOne of ios-sim to /usr/local/lib not in flight; installing
38 verbose lock using /Users/johnmachahuay/.npm/_locks/ios-sim-3bb56db538048d2f.lock for /usr/local/lib/node_modules/ios-sim
39 silly install write writing ios-sim 3.1.1 to /usr/local/lib/node_modules/ios-sim
40 silly cache addNamed cb ios-sim@3.1.1
41 verbose unbuild lib/node_modules/ios-sim
42 silly gentlyRm /usr/local/lib/node_modules/ios-sim is being purged from base /usr/local
43 verbose gentlyRm don't care about contents; nuking /usr/local/lib/node_modules/ios-sim
44 verbose tar unpack /Users/johnmachahuay/.npm/ios-sim/3.1.1/package.tgz
45 verbose tar unpacking to /usr/local/lib/node_modules/ios-sim
46 silly gentlyRm /usr/local/lib/node_modules/ios-sim is being purged
47 verbose gentlyRm don't care about contents; nuking /usr/local/lib/node_modules/ios-sim
48 silly gunzTarPerm modes [ '755', '644' ]
49 silly gunzTarPerm extractEntry package.json
50 silly gunzTarPerm extractEntry .npmignore
51 silly gunzTarPerm extractEntry README.md
52 silly gunzTarPerm extractEntry LICENSE
53 silly gunzTarPerm extractEntry resources/buildbox/build.sh
54 silly gunzTarPerm extractEntry CoreSimulator/CoreSimulator.h
55 silly gunzTarPerm extractEntry CONTRIBUTING.md
56 silly gunzTarPerm extractEntry Rakefile
57 silly gunzTarPerm extractEntry Source/.npmignore
58 silly gunzTarPerm extractEntry Source/NSString+expandPath.h
59 silly gunzTarPerm extractEntry Source/NSString+expandPath.m
60 silly gunzTarPerm extractEntry Source/iPhoneSimulator.h
61 silly gunzTarPerm extractEntry Source/iPhoneSimulator.m
62 silly gunzTarPerm extractEntry Source/main.m
63 silly gunzTarPerm extractEntry Source/nsprintf.h
64 silly gunzTarPerm extractEntry Source/nsprintf.m
65 silly gunzTarPerm extractEntry Source/version.h
66 silly gunzTarPerm extractEntry ios-sim.xcodeproj/.npmignore
67 silly gunzTarPerm extractEntry ios-sim.xcodeproj/project.pbxproj
68 silly gunzTarPerm extractEntry ios-sim.xcodeproj/xcshareddata/xcschemes/ios-sim.xcscheme
69 silly gunzTarPerm extractEntry ios-sim_Prefix.pch
70 silly gunzTarPerm extractEntry DVTiPhoneSimulatorRemoteClient/DVTiPhoneSimulatorRemoteClient.h
71 silly gunzTarPerm extractEntry README.template.md
72 info preinstall ios-sim@3.1.1
73 verbose unsafe-perm in lifecycle false
74 info ios-sim@3.1.1 Failed to exec preinstall script
75 verbose unlock done using /Users/johnmachahuay/.npm/_locks/ios-sim-3bb56db538048d2f.lock for /usr/local/lib/node_modules/ios-sim
76 verbose stack Error: ios-sim@3.1.1 preinstall: `rake build`
76 verbose stack Exit status 1
76 verbose stack     at EventEmitter.<anonymous> (/usr/local/lib/node_modules/npm/lib/utils/lifecycle.js:213:16)
76 verbose stack     at EventEmitter.emit (events.js:110:17)
76 verbose stack     at ChildProcess.<anonymous> (/usr/local/lib/node_modules/npm/lib/utils/spawn.js:14:12)
76 verbose stack     at ChildProcess.emit (events.js:110:17)
76 verbose stack     at maybeClose (child_process.js:1015:16)
76 verbose stack     at Process.ChildProcess._handle.onexit (child_process.js:1087:5)
77 verbose pkgid ios-sim@3.1.1
78 verbose cwd /Users/johnmachahuay/Documents/programming/ionic/myapp
79 error Darwin 14.3.0
80 error argv "node" "/usr/local/bin/npm" "install" "-g" "ios-sim"
81 error node v0.12.2
82 error npm  v2.7.4
83 error code ELIFECYCLE
84 error ios-sim@3.1.1 preinstall: `rake build`
84 error Exit status 1
85 error Failed at the ios-sim@3.1.1 preinstall script 'rake build'.
85 error This is most likely a problem with the ios-sim package,
85 error not with npm itself.
85 error Tell the author that this fails on your system:
85 error     rake build
85 error You can get their info via:
85 error     npm owner ls ios-sim
85 error There is likely additional logging output above.
86 verbose exit [ 1, true ]
87 verbose unbuild lib/node_modules/ios-sim
88 info preuninstall ios-sim@3.1.1
89 info uninstall ios-sim@3.1.1
90 verbose unbuild rmStuff ios-sim@3.1.1 from /usr/local/lib/node_modules
91 silly gentlyRm /usr/local/bin/ios-sim is being gently removed
92 silly gentlyRm verifying /usr/local is an npm working directory
93 silly gentlyRm containing path /usr/local is under npm's control, in /usr/local
94 silly gentlyRm deletion target /usr/local/bin/ios-sim is under /usr/local
95 verbose gentlyRm vacuuming from /usr/local/bin/ios-sim up to /usr/local
96 info postuninstall ios-sim@3.1.1
97 silly gentlyRm /usr/local/lib/node_modules/ios-sim is being purged from base /usr/local
98 verbose gentlyRm don't care about contents; nuking /usr/local/lib/node_modules/ios-sim
99 silly vacuum-fs purging /usr/local/lib/node_modules/ios-sim
100 silly vacuum-fs quitting because other entries in /usr/local/lib/node_modules
